<?xml version="1.0" encoding="UTF-8"?>
<Site BuildName="(empty)"
	BuildStamp="20210527-0152-Experimental"
	Name="(empty)"
	Generator="ctest-3.16.3"
	CompilerName=""
	CompilerVersion=""
	OSName="Linux"
	Hostname="TarteAuCitron"
	OSRelease="5.8.0-53-generic"
	OSVersion="#60~20.04.1-Ubuntu SMP Thu May 6 09:52:46 UTC 2021"
	OSPlatform="x86_64"
	Is64Bits="1"
	VendorString="GenuineIntel"
	VendorID="Intel Corporation"
	FamilyID="6"
	ModelID="58"
	ProcessorCacheSize="3072"
	NumberOfLogicalCPU="4"
	NumberOfPhysicalCPU="2"
	TotalVirtualMemory="2047"
	TotalPhysicalMemory="5810"
	LogicalProcessorsPerPhysical="2"
	ProcessorClockFrequency="2235.04"
	>
	<Testing>
		<StartDateTime>May 26 22:52 -03</StartDateTime>
		<StartTestTime>1622080342</StartTestTime>
		<TestList/>
		<EndDateTime>May 26 22:52 -03</EndDateTime>
		<EndTestTime>1622080342</EndTestTime>
		<ElapsedMinutes>0</ElapsedMinutes>
	</Testing>
</Site>
